Determining if the pthread_create exist failed with the following output:
Change Dir: /home/boo/proj/tdc/build/CMakeFiles/CMakeTmp

Run Build Command:"/usr/bin/make" "cmTC_fa1cf/fast"
/usr/bin/make -f CMakeFiles/cmTC_fa1cf.dir/build.make CMakeFiles/cmTC_fa1cf.dir/build
make[1]: Entering directory '/home/boo/proj/tdc/build/CMakeFiles/CMakeTmp'
Building C object CMakeFiles/cmTC_fa1cf.dir/CheckSymbolExists.c.o
/usr/bin/cc   -fPIC    -o CMakeFiles/cmTC_fa1cf.dir/CheckSymbolExists.c.o   -c /home/boo/proj/tdc/build/CMakeFiles/CMakeTmp/CheckSymbolExists.c
Linking C executable cmTC_fa1cf
/usr/bin/cmake -E cmake_link_script CMakeFiles/cmTC_fa1cf.dir/link.txt --verbose=1
/usr/bin/cc -fPIC     -rdynamic CMakeFiles/cmTC_fa1cf.dir/CheckSymbolExists.c.o  -o cmTC_fa1cf 
CMakeFiles/cmTC_fa1cf.dir/CheckSymbolExists.c.o: In function `main':
CheckSymbolExists.c:(.text+0x14): undefined reference to `pthread_create'
CheckSymbolExists.c:(.text+0x18): undefined reference to `pthread_create'
collect2: error: ld returned 1 exit status
CMakeFiles/cmTC_fa1cf.dir/build.make:97: recipe for target 'cmTC_fa1cf' failed
make[1]: *** [cmTC_fa1cf] Error 1
make[1]: Leaving directory '/home/boo/proj/tdc/build/CMakeFiles/CMakeTmp'
Makefile:126: recipe for target 'cmTC_fa1cf/fast' failed
make: *** [cmTC_fa1cf/fast] Error 2

File /home/boo/proj/tdc/build/CMakeFiles/CMakeTmp/CheckSymbolExists.c:
/* */
#include <pthread.h>

int main(int argc, char** argv)
{
  (void)argv;
#ifndef pthread_create
  return ((int*)(&pthread_create))[argc];
#else
  (void)argc;
  return 0;
#endif
}

Determining if the function pthread_create exists in the pthreads failed with the following output:
Change Dir: /home/boo/proj/tdc/build/CMakeFiles/CMakeTmp

Run Build Command:"/usr/bin/make" "cmTC_ad4ec/fast"
/usr/bin/make -f CMakeFiles/cmTC_ad4ec.dir/build.make CMakeFiles/cmTC_ad4ec.dir/build
make[1]: Entering directory '/home/boo/proj/tdc/build/CMakeFiles/CMakeTmp'
Building C object CMakeFiles/cmTC_ad4ec.dir/CheckFunctionExists.c.o
/usr/bin/cc   -fPIC -DCHECK_FUNCTION_EXISTS=pthread_create   -o CMakeFiles/cmTC_ad4ec.dir/CheckFunctionExists.c.o   -c /usr/share/cmake-3.10/Modules/CheckFunctionExists.c
Linking C executable cmTC_ad4ec
/usr/bin/cmake -E cmake_link_script CMakeFiles/cmTC_ad4ec.dir/link.txt --verbose=1
/usr/bin/cc -fPIC -DCHECK_FUNCTION_EXISTS=pthread_create    -rdynamic CMakeFiles/cmTC_ad4ec.dir/CheckFunctionExists.c.o  -o cmTC_ad4ec -lpthreads 
/usr/bin/ld: cannot find -lpthreads
collect2: error: ld returned 1 exit status
CMakeFiles/cmTC_ad4ec.dir/build.make:97: recipe for target 'cmTC_ad4ec' failed
make[1]: *** [cmTC_ad4ec] Error 1
make[1]: Leaving directory '/home/boo/proj/tdc/build/CMakeFiles/CMakeTmp'
Makefile:126: recipe for target 'cmTC_ad4ec/fast' failed
make: *** [cmTC_ad4ec/fast] Error 2


